<?xml version="1.0" encoding="UTF-8"?>
<testng-results ignored="0" total="1" passed="1" failed="0" skipped="0">
  <reporter-output>
  </reporter-output>
  <suite started-at="2023-03-29T12:50:38 IST" name="Default suite" finished-at="2023-03-29T12:50:38 IST" duration-ms="119">
    <groups>
    </groups>
    <test started-at="2023-03-29T12:50:38 IST" name="Default test" finished-at="2023-03-29T12:50:38 IST" duration-ms="119">
      <class name="Practice.DemoGit">
        <test-method signature="sample()[pri:0, instance:Practice.DemoGit@159f197]" started-at="2023-03-29T12:50:38 IST" name="sample" finished-at="2023-03-29T12:50:38 IST" duration-ms="33" status="PASS">
          <reporter-output>
          </reporter-output>
        </test-method> <!-- sample -->
      </class> <!-- Practice.DemoGit -->
    </test> <!-- Default test -->
  </suite> <!-- Default suite -->
</testng-results>
